<?xml version="1.0" encoding="UTF-8"?>
<!-- Generated by org.testng.reporters.JUnitReportReporter -->
<testsuite skipped="0" hostname="DESKTOP-QJI0RSO" name="baseClasses.BaseClass" tests="1" failures="0" timestamp="2022-03-08T18:50:53 IST" time="0.014" errors="0">
  <testcase name="tc01" time="0.014" classname="baseClasses.BaseClass"/>
  <system-out>
    <![CDATA[test case 01]]>
  </system-out>
</testsuite> <!-- baseClasses.BaseClass -->
